~/IdeaProjects/Books-Management-System git:[master]
tree -L 8
.
├── LICENSE
├── README.md
├── book.iml
├── library.sql
├── logs
│   ├── application.log
│   ├── error.log
│   └── linshi.log
├── pom.xml
├── preview
│   ├── 1.PNG
│   ├── 2.PNG
│   ├── 3.PNG
│   ├── 4.PNG
│   ├── 5.PNG
│   └── 6.PNG
├── qodana.yaml
├── src
│   ├── main
│   │   ├── java
│   │   │   └── com
│   │   │       └── book
│   │   │           ├── JDBCDriverUnloader.java
│   │   │           ├── controller
│   │   │           │   ├── BookAddCommand.java
│   │   │           │   ├── BookController.java
│   │   │           │   ├── LendController.java
│   │   │           │   ├── LoginController.java
│   │   │           │   ├── ReaderController.java
│   │   │           │   └── WebConfig.java
│   │   │           ├── domain
│   │   │           │   ├── Admin.java
│   │   │           │   ├── Book.java
│   │   │           │   ├── Lend.java
│   │   │           │   ├── ReaderCard.java
│   │   │           │   └── ReaderInfo.java
│   │   │           ├── mapper
│   │   │           │   ├── AdminMapper.java
│   │   │           │   ├── BookMapper.java
│   │   │           │   ├── LendMapper.java
│   │   │           │   ├── ReaderCardMapper.java
│   │   │           │   └── ReaderInfoMapper.java
│   │   │           └── service
│   │   │               ├── BookService.java
│   │   │               ├── LendService.java
│   │   │               ├── LoginService.java
│   │   │               ├── ReaderCardService.java
│   │   │               └── ReaderInfoService.java
│   │   ├── resources
│   │   │   ├── logback.xml
│   │   │   ├── mapper
│   │   │   └── spring
│   │   │       ├── mybatis-config.xml
│   │   │       ├── spring-context.xml
│   │   │       └── spring-mvc.xml
│   │   └── webapp
│   │       ├── WEB-INF
│   │       │   ├── book-servlet.xml
│   │       │   ├── dispatcher-servlet.xml
│   │       │   ├── jsp
│   │       │   │   ├── 404.jsp
│   │       │   │   ├── admin_book_add.jsp
│   │       │   │   ├── admin_book_detail.jsp
│   │       │   │   ├── admin_book_edit.jsp
│   │       │   │   ├── admin_book_lend.jsp
│   │       │   │   ├── admin_books.jsp
│   │       │   │   ├── admin_lend_list.jsp
│   │       │   │   ├── admin_main.jsp
│   │       │   │   ├── admin_reader_add.jsp
│   │       │   │   ├── admin_reader_edit.jsp
│   │       │   │   ├── admin_readers.jsp
│   │       │   │   ├── admin_repasswd.jsp
│   │       │   │   ├── index.jsp
│   │       │   │   ├── reader_book_detail.jsp
│   │       │   │   ├── reader_book_query.jsp
│   │       │   │   ├── reader_info.jsp
│   │       │   │   ├── reader_info_edit.jsp
│   │       │   │   ├── reader_lend_list.jsp
│   │       │   │   ├── reader_main.jsp
│   │       │   │   └── reader_repasswd.jsp
│   │       │   ├── rest-servlet.xml
│   │       │   └── web.xml
│   │       └── static
│   │           ├── css
│   │           │   └── bootstrap.min.css
│   │           ├── images
│   │           │   ├── 105905-106.jpg
│   │           │   ├── 281289-106.jpg
│   │           │   ├── 296494-106.jpg
│   │           │   └── 82839-106.jpg
│   │           └── js
│   │               ├── bootstrap.min.js
│   │               ├── jquery-3.2.1.js
│   │               └── js.cookie.js